<?xml version="1.0" encoding="UTF-8"?>
<!-- Generated by org.testng.reporters.JUnitReportReporter -->
<testsuite hostname="DESKTOP-01ELQ8J" failures="0" tests="1" name="RestAssuredExamples.HTTPGet_Request" time="2.213" errors="0" timestamp="2025-03-07T02:34:49 IST" skipped="0">
  <testcase classname="RestAssuredExamples.HTTPGet_Request" name="getUsersList" time="2.213"/>
</testsuite> <!-- RestAssuredExamples.HTTPGet_Request -->
